<?xml version="1.0" encoding="UTF-8"?>
<!-- Generated by org.testng.reporters.JUnitReportReporter -->
<testsuite skipped="0" hostname="DESKTOP-3Q0LA15" name="Test_Selenium_2" tests="1" failures="0" timestamp="2020-11-01T17:13:30 PST" time="7.916" errors="0">
  <testcase name="openPageinChrome" time="7.916" classname="Test_Selenium_2"/>
  <system-out/>
</testsuite> <!-- Test_Selenium_2 -->
